TN:
SF:src/config/databaseConfig.ts
FNF:0
FNH:0
DA:1,1
DA:3,1
DA:11,1
LF:3
LH:3
BRF:0
BRH:0
end_of_record
TN:
SF:src/config/rabbitmqConfig.ts
FNF:0
FNH:0
DA:1,1
LF:1
LH:1
BRF:0
BRH:0
end_of_record
TN:
SF:src/helper/index.ts
FN:1,(anonymous_0)
FNF:1
FNH:1
FNDA:6,(anonymous_0)
DA:1,1
DA:2,6
DA:3,6
DA:4,6
DA:6,6
DA:7,36
DA:8,36
DA:11,6
DA:14,1
LF:9
LH:9
BRF:0
BRH:0
end_of_record
TN:
SF:src/helper/rabbitmq/producer/verificationProducer.ts
FN:4,(anonymous_8)
FN:4,(anonymous_9)
FNF:2
FNH:2
FNDA:5,(anonymous_8)
FNDA:5,(anonymous_9)
DA:1,1
DA:2,1
DA:4,5
DA:6,5
DA:7,5
DA:10,5
DA:11,5
DA:13,5
DA:15,5
DA:17,5
DA:19,5
DA:21,0
LF:12
LH:11
BRF:0
BRH:0
end_of_record
TN:
SF:src/service/authService.ts
FN:7,(anonymous_8)
FN:7,(anonymous_9)
FN:26,(anonymous_10)
FN:26,(anonymous_11)
FN:37,(anonymous_12)
FN:37,(anonymous_13)
FN:65,(anonymous_14)
FN:65,(anonymous_15)
FNF:8
FNH:8
FNDA:2,(anonymous_8)
FNDA:2,(anonymous_9)
FNDA:4,(anonymous_10)
FNDA:4,(anonymous_11)
FNDA:2,(anonymous_12)
FNDA:2,(anonymous_13)
FNDA:4,(anonymous_14)
FNDA:4,(anonymous_15)
DA:1,1
DA:3,1
DA:4,1
DA:5,1
DA:7,2
DA:8,2
DA:9,2
DA:10,2
DA:12,2
DA:13,2
DA:15,2
DA:16,2
DA:17,2
DA:19,0
DA:22,2
DA:26,4
DA:27,4
DA:28,4
DA:29,4
DA:30,3
DA:32,1
DA:33,1
DA:37,2
DA:38,2
DA:39,2
DA:40,2
DA:41,2
DA:43,2
DA:44,1
DA:47,1
DA:48,1
DA:50,1
DA:52,1
DA:53,1
DA:55,0
DA:58,1
DA:61,2
DA:65,4
DA:66,4
DA:67,4
DA:68,4
DA:69,4
DA:71,4
DA:72,1
DA:74,3
DA:75,3
DA:77,3
DA:79,4
LF:48
LH:46
BRDA:15,0,0,2
BRDA:15,0,1,0
BRDA:43,1,0,1
BRDA:43,1,1,1
BRDA:50,2,0,1
BRDA:50,2,1,0
BRDA:71,3,0,1
BRDA:71,3,1,3
BRF:8
BRH:6
end_of_record
TN:
SF:src/service/userService.ts
FN:3,(anonymous_7)
FN:3,(anonymous_8)
FN:15,(anonymous_9)
FN:15,(anonymous_10)
FN:31,(anonymous_11)
FN:31,(anonymous_12)
FNF:6
FNH:6
FNDA:1,(anonymous_7)
FNDA:1,(anonymous_8)
FNDA:1,(anonymous_9)
FNDA:1,(anonymous_10)
FNDA:1,(anonymous_11)
FNDA:1,(anonymous_12)
DA:1,1
DA:3,1
DA:4,1
DA:5,1
DA:6,1
DA:7,1
DA:9,1
DA:11,1
DA:15,1
DA:16,1
DA:17,1
DA:18,1
DA:19,1
DA:21,1
DA:22,1
DA:24,0
DA:27,1
DA:31,1
DA:32,1
DA:33,1
DA:34,1
DA:35,1
DA:37,1
DA:38,1
DA:40,0
DA:43,1
LF:26
LH:24
BRDA:21,0,0,1
BRDA:21,0,1,0
BRDA:37,1,0,1
BRDA:37,1,1,0
BRF:4
BRH:2
end_of_record
